<?xml version="1.0" encoding="UTF-8"?>
<!-- Generated by org.testng.reporters.JUnitReportReporter -->
<testsuite skipped="0" hostname="text-PC" name="script.ValidLogin" tests="1" failures="0" timestamp="15 Jun 2018 09:06:30 GMT" time="19.592" errors="0">
  <testcase name="testValidLogin" time="19.592" classname="script.ValidLogin"/>
</testsuite> <!-- script.ValidLogin -->
