<?xml version="1.0" encoding="UTF-8"?>
<!-- Generated by org.testng.reporters.JUnitReportReporter -->
<testsuite skipped="0" hostname="text-PC" name="script.InvalidLogin" tests="1" failures="0" timestamp="15 Jun 2018 09:06:30 GMT" time="22.397" errors="0">
  <testcase name="testInvalidLogin" time="22.397" classname="script.InvalidLogin"/>
</testsuite> <!-- script.InvalidLogin -->
