<?xml version="1.0" encoding="UTF-8"?>
<!-- Generated by org.testng.reporters.JUnitReportReporter -->
<testsuite hostname="text-PC" name="script.CheckVersion" tests="1" failures="0" timestamp="18 Jun 2018 06:44:27 GMT" time="38.176" errors="0">
  <testcase name="testVersion" time="38.176" classname="script.CheckVersion"/>
</testsuite> <!-- script.CheckVersion -->
