<?xml version="1.0" encoding="UTF-8"?>
<!-- Generated by org.testng.reporters.JUnitReportReporter -->
<testsuite hostname="text-PC" name="script.ValidLogin" tests="1" failures="0" timestamp="18 Jun 2018 06:44:27 GMT" time="16.490" errors="0">
  <testcase name="testValidLogin" time="16.490" classname="script.ValidLogin"/>
</testsuite> <!-- script.ValidLogin -->
