<?xml version="1.0" encoding="UTF-8"?>
<!-- Generated by org.testng.reporters.JUnitReportReporter -->
<testsuite hostname="text-PC" name="script.InvalidLogin" tests="1" failures="0" timestamp="18 Jun 2018 06:44:27 GMT" time="19.666" errors="0">
  <testcase name="testInvalidLogin" time="19.666" classname="script.InvalidLogin"/>
</testsuite> <!-- script.InvalidLogin -->
